<?xml version="1.0" encoding="UTF-8"?>
<testng-results ignored="0" total="1" passed="1" failed="0" skipped="0">
  <reporter-output>
  </reporter-output>
  <suite started-at="2022-07-14T16:36:27 PDT" name="Default suite" finished-at="2022-07-14T16:36:27 PDT" duration-ms="53">
    <groups>
    </groups>
    <test started-at="2022-07-14T16:36:27 PDT" name="Default test" finished-at="2022-07-14T16:36:27 PDT" duration-ms="53">
      <class name="com.apex.samples.test.UserApiPost_test">
        <test-method signature="getUserObjectfromJson()[pri:0, instance:com.apex.samples.test.UserApiPost_test@3c419631]" started-at="2022-07-14T16:36:27 PDT" name="getUserObjectfromJson" finished-at="2022-07-14T16:36:27 PDT" duration-ms="29" status="PASS">
          <reporter-output>
          </reporter-output>
        </test-method> <!-- getUserObjectfromJson -->
      </class> <!-- com.apex.samples.test.UserApiPost_test -->
    </test> <!-- Default test -->
  </suite> <!-- Default suite -->
</testng-results>
